<?xml version="1.0" encoding="UTF-8"?>
<testsuite xmlns:xsi="http://www.w3.org/2001/XMLSchema-instance" xsi:noNamespaceSchemaLocation="https://maven.apache.org/surefire/maven-surefire-plugin/xsd/surefire-test-report.xsd" version="3.0.2" name="cl.duoc.bancoxyzbatch.BancoxyzbatchApplicationTests" time="4.406" tests="1" errors="0" skipped="0" failures="0" flakes="0">
  <properties>
[...]
</properties>
  <testcase name="contextLoads" classname="cl.duoc.bancoxyzbatch.BancoxyzbatchApplicationTests" time="0.335">
    <system-out><![CDATA[22:28:21.453 [main] INFO org.springframework.test.context.support.AnnotationConfigContextLoaderUtils -- Could not detect default configuration classes for test class [cl.duoc.bancoxyzbatch.BancoxyzbatchApplicationTests]: BancoxyzbatchApplicationTests does not declare any static, non-private, non-final, nested classes annotated with @Configuration.
22:28:21.553 [main] INFO org.springframework.boot.test.context.SpringBootTestContextBootstrapper -- Found @SpringBootConfiguration cl.duoc.bancoxyzbatch.BancoxyzbatchApplication for test class cl.duoc.bancoxyzbatch.BancoxyzbatchApplicationTests
22:28:21.613 [main] INFO org.springframework.test.context.support.AnnotationConfigContextLoaderUtils -- Could not detect default configuration classes for test class [cl.duoc.bancoxyzbatch.BancoxyzbatchApplicationTests]: BancoxyzbatchApplicationTests does not declare any static, non-private, non-final, nested classes annotated with @Configuration.
22:28:21.615 [main] INFO org.springframework.boot.test.context.SpringBootTestContextBootstrapper -- Found @SpringBootConfiguration cl.duoc.bancoxyzbatch.BancoxyzbatchApplication for test class cl.duoc.bancoxyzbatch.BancoxyzbatchApplicationTests
22:28:21.669 [main] INFO org.springframework.boot.devtools.restart.RestartApplicationListener -- Restart disabled due to context in which it is running

  .   ____          _            __ _ _
 /\\ / ___'_ __ _ _(_)_ __  __ _ \ \ \ \
( ( )\___ | '_ | '_| | '_ \/ _` | \ \ \ \
 \\/  ___)| |_)| | | | | || (_| |  ) ) ) )
  '  |____| .__|_| |_|_| |_\__, | / / / /
 =========|_|==============|___/=/_/_/_/

 :: Spring Boot ::                (v4.1.0)

2026-08-16T22:28:21.889-04:00  INFO 120247 --- [bancoxyzbatch] [           main] c.d.b.BancoxyzbatchApplicationTests      : Starting BancoxyzbatchApplicationTests using Java 21.0.12 with PID 120247 (started by natalia in /home/natalia/Archivos/Desarrollo Backend III/Semana 1/bancoxyzbatch)
2026-08-16T22:28:21.890-04:00  INFO 120247 --- [bancoxyzbatch] [           main] c.d.b.BancoxyzbatchApplicationTests      : No active profile set, falling back to 1 default profile: "default"
2026-08-16T22:28:22.328-04:00  INFO 120247 --- [bancoxyzbatch] [           main] .s.d.r.c.RepositoryConfigurationDelegate : Bootstrapping Spring Data JPA repositories in DEFAULT mode.
2026-08-16T22:28:22.373-04:00  INFO 120247 --- [bancoxyzbatch] [           main] .s.d.r.c.RepositoryConfigurationDelegate : Finished Spring Data repository scanning in 33 ms. Found 5 JPA repository interfaces.
2026-08-16T22:28:22.773-04:00  INFO 120247 --- [bancoxyzbatch] [           main] org.hibernate.orm.jpa                    : HHH008540: Processing PersistenceUnitInfo [name: default]
2026-08-16T22:28:22.815-04:00  INFO 120247 --- [bancoxyzbatch] [           main] org.hibernate.orm.core                   : HHH000001: Hibernate ORM core version 7.4.1.Final
2026-08-16T22:28:23.166-04:00  INFO 120247 --- [bancoxyzbatch] [           main] o.s.o.j.p.SpringPersistenceUnitInfo      : No LoadTimeWeaver setup: ignoring JPA class transformer
2026-08-16T22:28:23.200-04:00  INFO 120247 --- [bancoxyzbatch] [           main] com.zaxxer.hikari.HikariDataSource       : HikariPool-1 - Starting...
2026-08-16T22:28:23.394-04:00  INFO 120247 --- [bancoxyzbatch] [           main] com.zaxxer.hikari.pool.HikariPool        : HikariPool-1 - Added connection org.postgresql.jdbc.PgConnection@2f8f40cc
2026-08-16T22:28:23.395-04:00  INFO 120247 --- [bancoxyzbatch] [           main] com.zaxxer.hikari.HikariDataSource       : HikariPool-1 - Start completed.
2026-08-16T22:28:23.478-04:00  INFO 120247 --- [bancoxyzbatch] [           main] org.hibernate.orm.connections.pooling    : HHH10001005: Database info:
	Database JDBC URL [jdbc:postgresql://localhost:5432/bancoxyz]
	Database driver: PostgreSQL JDBC Driver
	Database dialect: PostgreSQLDialect
	Database version: 17.11
	Default catalog/schema: bancoxyz/public
	Autocommit mode: undefined/unknown
	Isolation level: READ_COMMITTED [default READ_COMMITTED]
	JDBC fetch size: none
	Pool: DataSourceConnectionProvider
	Minimum pool size: undefined/unknown
	Maximum pool size: undefined/unknown
2026-08-16T22:28:24.240-04:00  INFO 120247 --- [bancoxyzbatch] [           main] org.hibernate.orm.core                   : HHH000489: No JTA platform available (set 'hibernate.transaction.jta.platform' to enable JTA platform integration)
2026-08-16T22:28:24.288-04:00  INFO 120247 --- [bancoxyzbatch] [           main] j.LocalContainerEntityManagerFactoryBean : Initialized JPA EntityManagerFactory for persistence unit 'default'
2026-08-16T22:28:24.430-04:00  INFO 120247 --- [bancoxyzbatch] [           main] o.s.d.j.r.query.QueryEnhancerFactories   : Hibernate is in classpath; If applicable, HQL parser will be used.
2026-08-16T22:28:25.247-04:00  INFO 120247 --- [bancoxyzbatch] [           main] c.d.b.BancoxyzbatchApplicationTests      : Started BancoxyzbatchApplicationTests in 3.587 seconds (process running for 4.561)
[BATCH] Ningún Job solicitado.
]]></system-out>
    <system-err><![CDATA[Mockito is currently self-attaching to enable the inline-mock-maker. This will no longer work in future releases of the JDK. Please add Mockito as an agent to your build as described in Mockito's documentation: https://javadoc.io/doc/org.mockito/mockito-core/latest/org.mockito/org/mockito/Mockito.html#0.3
WARNING: A Java agent has been loaded dynamically (/home/natalia/.m2/repository/net/bytebuddy/byte-buddy-agent/1.18.10/byte-buddy-agent-1.18.10.jar)
WARNING: If a serviceability tool is in use, please run with -XX:+EnableDynamicAgentLoading to hide this warning
WARNING: If a serviceability tool is not in use, please run with -Djdk.instrument.traceUsage for more information
WARNING: Dynamic loading of agents will be disallowed by default in a future release
]]></system-err>
  </testcase>
</testsuite>